# JRE version: OpenJDK Runtime Environment Temurin-17.0.8.1+1 (17.0.8.1+1) (build 17.0.8.1+1)
# Java VM: OpenJDK 64-Bit Server VM Temurin-17.0.8.1+1 (17.0.8.1+1, mixed mode, tiered, compressed oops, compressed class ptrs, g1 gc, windows-amd64)
GC Precious Log:
 CPUs: 8 total, 8 available
 Memory: 7930M
 Large Page Support: Disabled
 NUMA Support: Disabled
 Compressed Oops: Enabled (32-bit)
 Heap Region Size: 1M
 Heap Min Capacity: 8M
 Heap Initial Capacity: 124M
 Heap Max Capacity: 1984M
 Pre-touch: Disabled
 Parallel Workers: 8
 Concurrent Workers: 2
 Concurrent Refinement Workers: 8
 Periodic GC: Disabled
Heap:
 garbage-first heap   total 70656K, used 50038K [0x0000000084000000, 0x0000000100000000)
  region size 1024K, 28 young (28672K), 2 survivors (2048K)
 Metaspace       used 66500K, committed 66880K, reserved 1114112K
  class space    used 8042K, committed 8192K, reserved 1048576K
GC Heap History (20 events):
Event: 189472.095 GC heap before
{Heap before GC invocations=197 (full 0):
 garbage-first heap   total 58368K, used 49663K [0x0000000084000000, 0x0000000100000000)
  region size 1024K, 26 young (26624K), 1 survivors (1024K)
 Metaspace       used 66434K, committed 66752K, reserved 1114112K
  class space    used 8042K, committed 8192K, reserved 1048576K
}
Event: 189472.101 GC heap after
{Heap after GC invocations=198 (full 0):
 garbage-first heap   total 58368K, used 24181K [0x0000000084000000, 0x0000000100000000)
  region size 1024K, 1 young (1024K), 1 survivors (1024K)
 Metaspace       used 66434K, committed 66752K, reserved 1114112K
  class space    used 8042K, committed 8192K, reserved 1048576K
}
Event: 266198.897 GC heap before
{Heap before GC invocations=199 (full 0):
 garbage-first heap   total 58368K, used 49781K [0x0000000084000000, 0x0000000100000000)
  region size 1024K, 26 young (26624K), 1 survivors (1024K)
 Metaspace       used 66435K, committed 66752K, reserved 1114112K
  class space    used 8042K, committed 8192K, reserved 1048576K
}
Event: 266198.968 GC heap after
{Heap after GC invocations=200 (full 0):
 garbage-first heap   total 58368K, used 24382K [0x0000000084000000, 0x0000000100000000)
  region size 1024K, 2 young (2048K), 2 survivors (2048K)
 Metaspace       used 66435K, committed 66752K, reserved 1114112K
  class space    used 8042K, committed 8192K, reserved 1048576K
}
Event: 267064.528 GC heap before
{Heap before GC invocations=200 (full 0):
 garbage-first heap   total 58368K, used 48958K [0x0000000084000000, 0x0000000100000000)
  region size 1024K, 26 young (26624K), 2 survivors (2048K)
 Metaspace       used 66435K, committed 66752K, reserved 1114112K
  class space    used 8042K, committed 8192K, reserved 1048576K
}
Event: 267064.579 GC heap after
{Heap after GC invocations=201 (full 0):
 garbage-first heap   total 58368K, used 24081K [0x0000000084000000, 0x0000000100000000)
  region size 1024K, 1 young (1024K), 1 survivors (1024K)
 Metaspace       used 66435K, committed 66752K, reserved 1114112K
  class space    used 8042K, committed 8192K, reserved 1048576K
}
Event: 267814.364 GC heap before
{Heap before GC invocations=202 (full 0):
 garbage-first heap   total 58368K, used 49681K [0x0000000084000000, 0x0000000100000000)
  region size 1024K, 26 young (26624K), 1 survivors (1024K)
 Metaspace       used 66435K, committed 66752K, reserved 1114112K
  class space    used 8042K, committed 8192K, reserved 1048576K
}
Event: 267814.393 GC heap after
{Heap after GC invocations=203 (full 0):
 garbage-first heap   total 70656K, used 24228K [0x0000000084000000, 0x0000000100000000)
  region size 1024K, 1 young (1024K), 1 survivors (1024K)
 Metaspace       used 66435K, committed 66752K, reserved 1114112K
  class space    used 8042K, committed 8192K, reserved 1048576K
}
Event: 269106.613 GC heap before
{Heap before GC invocations=203 (full 0):
 garbage-first heap   total 70656K, used 61092K [0x0000000084000000, 0x0000000100000000)
  region size 1024K, 37 young (37888K), 1 survivors (1024K)
 Metaspace       used 66435K, committed 66752K, reserved 1114112K
  class space    used 8042K, committed 8192K, reserved 1048576K
}
Event: 269106.641 GC heap after
{Heap after GC invocations=204 (full 0):
 garbage-first heap   total 70656K, used 24073K [0x0000000084000000, 0x0000000100000000)
  region size 1024K, 1 young (1024K), 1 survivors (1024K)
 Metaspace       used 66435K, committed 66752K, reserved 1114112K
  class space    used 8042K, committed 8192K, reserved 1048576K
}
Event: 270208.514 GC heap before
{Heap before GC invocations=205 (full 0):
 garbage-first heap   total 70656K, used 60937K [0x0000000084000000, 0x0000000100000000)
  region size 1024K, 37 young (37888K), 1 survivors (1024K)
 Metaspace       used 66457K, committed 66816K, reserved 1114112K
  class space    used 8043K, committed 8192K, reserved 1048576K
}
Event: 270208.533 GC heap after
{Heap after GC invocations=206 (full 0):
 garbage-first heap   total 70656K, used 24234K [0x0000000084000000, 0x0000000100000000)
  region size 1024K, 1 young (1024K), 1 survivors (1024K)
 Metaspace       used 66457K, committed 66816K, reserved 1114112K
  class space    used 8043K, committed 8192K, reserved 1048576K
}
Event: 271318.881 GC heap before
{Heap before GC invocations=206 (full 0):
 garbage-first heap   total 70656K, used 61098K [0x0000000084000000, 0x0000000100000000)
  region size 1024K, 37 young (37888K), 1 survivors (1024K)
 Metaspace       used 66466K, committed 66816K, reserved 1114112K
  class space    used 8043K, committed 8192K, reserved 1048576K
}
Event: 271318.898 GC heap after
{Heap after GC invocations=207 (full 0):
 garbage-first heap   total 70656K, used 24397K [0x0000000084000000, 0x0000000100000000)
  region size 1024K, 2 young (2048K), 2 survivors (2048K)
 Metaspace       used 66466K, committed 66816K, reserved 1114112K
  class space    used 8043K, committed 8192K, reserved 1048576K
}
Event: 272572.720 GC heap before
{Heap before GC invocations=208 (full 0):
 garbage-first heap   total 70656K, used 60237K [0x0000000084000000, 0x0000000100000000)
  region size 1024K, 37 young (37888K), 2 survivors (2048K)
 Metaspace       used 66466K, committed 66816K, reserved 1114112K
  class space    used 8043K, committed 8192K, reserved 1048576K
}
Event: 272572.732 GC heap after
{Heap after GC invocations=209 (full 0):
 garbage-first heap   total 70656K, used 24086K [0x0000000084000000, 0x0000000100000000)
  region size 1024K, 1 young (1024K), 1 survivors (1024K)
 Metaspace       used 66466K, committed 66816K, reserved 1114112K
  class space    used 8043K, committed 8192K, reserved 1048576K
}
Event: 273693.702 GC heap before
{Heap before GC invocations=209 (full 0):
 garbage-first heap   total 70656K, used 60950K [0x0000000084000000, 0x0000000100000000)
  region size 1024K, 37 young (37888K), 1 survivors (1024K)
 Metaspace       used 66466K, committed 66816K, reserved 1114112K
  class space    used 8043K, committed 8192K, reserved 1048576K
}
Event: 273693.749 GC heap after
{Heap after GC invocations=210 (full 0):
 garbage-first heap   total 70656K, used 24256K [0x0000000084000000, 0x0000000100000000)
  region size 1024K, 1 young (1024K), 1 survivors (1024K)
 Metaspace       used 66466K, committed 66816K, reserved 1114112K
  class space    used 8043K, committed 8192K, reserved 1048576K
}
Event: 274805.630 GC heap before
{Heap before GC invocations=211 (full 0):
 garbage-first heap   total 70656K, used 61120K [0x0000000084000000, 0x0000000100000000)
  region size 1024K, 37 young (37888K), 1 survivors (1024K)
 Metaspace       used 66487K, committed 66880K, reserved 1114112K
  class space    used 8042K, committed 8192K, reserved 1048576K
}
Event: 274805.651 GC heap after
{Heap after GC invocations=212 (full 0):
 garbage-first heap   total 70656K, used 24438K [0x0000000084000000, 0x0000000100000000)
  region size 1024K, 2 young (2048K), 2 survivors (2048K)
 Metaspace       used 66487K, committed 66880K, reserved 1114112K
  class space    used 8042K, committed 8192K, reserved 1048576K
}

